<?xml version="1.0" encoding="UTF-8"?>
<coverage generated="1761592247491" clover="3.2.0">
  <project timestamp="1761592247491" name="All files">
    <metrics statements="193" coveredstatements="132" conditionals="61" coveredconditionals="34" methods="59" coveredmethods="41" elements="313" coveredelements="207" complexity="0" loc="193" ncloc="193" packages="4" files="9" classes="9"/>
    <package name="src">
      <metrics statements="21" coveredstatements="0" conditionals="0" coveredconditionals="0" methods="0" coveredmethods="0"/>
      <file name="example.ts" path="/home/runner/work/questionnaire/questionnaire/src/example.ts">
        <metrics statements="21" coveredstatements="0" conditionals="0" coveredconditionals="0" methods="0" coveredmethods="0"/>
        <line num="17" count="0" type="stmt"/>
        <line num="98" count="0" type="stmt"/>
        <line num="99" count="0" type="stmt"/>
        <line num="100" count="0" type="stmt"/>
        <line num="101" count="0" type="stmt"/>
        <line num="102" count="0" type="stmt"/>
        <line num="103" count="0" type="stmt"/>
        <line num="105" count="0" type="stmt"/>
        <line num="109" count="0" type="stmt"/>
        <line num="116" count="0" type="stmt"/>
        <line num="117" count="0" type="stmt"/>
        <line num="118" count="0" type="stmt"/>
        <line num="119" count="0" type="stmt"/>
        <line num="120" count="0" type="stmt"/>
        <line num="123" count="0" type="stmt"/>
        <line num="129" count="0" type="stmt"/>
        <line num="130" count="0" type="stmt"/>
        <line num="132" count="0" type="stmt"/>
        <line num="133" count="0" type="stmt"/>
        <line num="135" count="0" type="stmt"/>
        <line num="136" count="0" type="stmt"/>
      </file>
    </package>
    <package name="src.__tests__.helpers">
      <metrics statements="54" coveredstatements="38" conditionals="16" coveredconditionals="11" methods="24" coveredmethods="15"/>
      <file name="test-data-factory.ts" path="/home/runner/work/questionnaire/questionnaire/src/__tests__/helpers/test-data-factory.ts">
        <metrics statements="35" coveredstatements="35" conditionals="10" coveredconditionals="10" methods="11" coveredmethods="11"/>
        <line num="24" count="530" type="stmt"/>
        <line num="37" count="269" type="stmt"/>
        <line num="50" count="510" type="stmt"/>
        <line num="63" count="272" type="stmt"/>
        <line num="81" count="270" type="stmt"/>
        <line num="99" count="368" type="stmt"/>
        <line num="112" count="268" type="stmt"/>
        <line num="125" count="268" type="stmt"/>
        <line num="142" count="130" type="stmt"/>
        <line num="143" count="130" type="stmt"/>
        <line num="164" count="3" type="stmt"/>
        <line num="165" count="3" type="stmt"/>
        <line num="167" count="3" type="stmt"/>
        <line num="168" count="2100" type="stmt"/>
        <line num="169" count="2100" type="cond" truecount="8" falsecount="0"/>
        <line num="171" count="263" type="stmt"/>
        <line num="172" count="263" type="stmt"/>
        <line num="174" count="263" type="stmt"/>
        <line num="175" count="263" type="stmt"/>
        <line num="177" count="263" type="stmt"/>
        <line num="178" count="263" type="stmt"/>
        <line num="180" count="263" type="stmt"/>
        <line num="181" count="263" type="stmt"/>
        <line num="183" count="262" type="stmt"/>
        <line num="184" count="262" type="stmt"/>
        <line num="186" count="262" type="stmt"/>
        <line num="187" count="262" type="stmt"/>
        <line num="189" count="262" type="stmt"/>
        <line num="190" count="262" type="stmt"/>
        <line num="192" count="262" type="stmt"/>
        <line num="193" count="262" type="stmt"/>
        <line num="197" count="3" type="stmt"/>
        <line num="214" count="35" type="stmt"/>
        <line num="215" count="35" type="stmt"/>
        <line num="230" count="35" type="stmt"/>
      </file>
      <file name="validation-helpers.ts" path="/home/runner/work/questionnaire/questionnaire/src/__tests__/helpers/validation-helpers.ts">
        <metrics statements="19" coveredstatements="3" conditionals="6" coveredconditionals="1" methods="13" coveredmethods="4"/>
        <line num="16" count="52" type="stmt"/>
        <line num="18" count="52" type="cond" truecount="1" falsecount="1"/>
        <line num="19" count="0" type="stmt"/>
        <line num="20" count="0" type="stmt"/>
        <line num="21" count="0" type="stmt"/>
        <line num="23" count="0" type="cond" truecount="0" falsecount="2"/>
        <line num="24" count="0" type="stmt"/>
        <line num="25" count="0" type="stmt"/>
        <line num="35" count="248" type="stmt"/>
        <line num="48" count="0" type="stmt"/>
        <line num="49" count="0" type="stmt"/>
        <line num="52" count="0" type="stmt"/>
        <line num="53" count="0" type="stmt"/>
        <line num="60" count="0" type="stmt"/>
        <line num="61" count="0" type="stmt"/>
        <line num="73" count="0" type="stmt"/>
        <line num="74" count="0" type="cond" truecount="0" falsecount="2"/>
        <line num="75" count="0" type="stmt"/>
        <line num="77" count="0" type="stmt"/>
      </file>
    </package>
    <package name="src.core.schemas">
      <metrics statements="62" coveredstatements="42" conditionals="22" coveredconditionals="4" methods="14" coveredmethods="7"/>
      <file name="question.ts" path="/home/runner/work/questionnaire/questionnaire/src/core/schemas/question.ts">
        <metrics statements="26" coveredstatements="26" conditionals="2" coveredconditionals="2" methods="1" coveredmethods="1"/>
        <line num="7" count="7" type="cond" truecount="2" falsecount="0"/>
        <line num="8" count="7" type="stmt"/>
        <line num="9" count="7" type="stmt"/>
        <line num="10" count="7" type="stmt"/>
        <line num="11" count="7" type="stmt"/>
        <line num="12" count="7" type="stmt"/>
        <line num="13" count="7" type="stmt"/>
        <line num="14" count="7" type="stmt"/>
        <line num="15" count="7" type="stmt"/>
        <line num="21" count="7" type="stmt"/>
        <line num="30" count="7" type="stmt"/>
        <line num="40" count="7" type="stmt"/>
        <line num="49" count="7" type="stmt"/>
        <line num="59" count="7" type="stmt"/>
        <line num="68" count="7" type="stmt"/>
        <line num="77" count="7" type="stmt"/>
        <line num="88" count="7" type="stmt"/>
        <line num="101" count="7" type="stmt"/>
        <line num="109" count="7" type="stmt"/>
        <line num="117" count="7" type="stmt"/>
        <line num="125" count="7" type="stmt"/>
        <line num="136" count="7" type="stmt"/>
        <line num="149" count="7" type="stmt"/>
        <line num="157" count="7" type="stmt"/>
        <line num="165" count="7" type="stmt"/>
        <line num="173" count="7" type="stmt"/>
      </file>
      <file name="questionnaire.ts" path="/home/runner/work/questionnaire/questionnaire/src/core/schemas/questionnaire.ts">
        <metrics statements="5" coveredstatements="5" conditionals="0" coveredconditionals="0" methods="2" coveredmethods="2"/>
        <line num="7" count="4" type="stmt"/>
        <line num="19" count="4" type="stmt"/>
        <line num="29" count="4" type="stmt"/>
        <line num="55" count="2" type="stmt"/>
        <line num="64" count="2" type="stmt"/>
      </file>
      <file name="response.ts" path="/home/runner/work/questionnaire/questionnaire/src/core/schemas/response.ts">
        <metrics statements="11" coveredstatements="11" conditionals="2" coveredconditionals="2" methods="4" coveredmethods="4"/>
        <line num="7" count="6" type="stmt"/>
        <line num="16" count="6" type="cond" truecount="2" falsecount="0"/>
        <line num="17" count="6" type="stmt"/>
        <line num="18" count="6" type="stmt"/>
        <line num="19" count="6" type="stmt"/>
        <line num="25" count="6" type="stmt"/>
        <line num="34" count="6" type="stmt"/>
        <line num="65" count="2" type="stmt"/>
        <line num="74" count="2" type="stmt"/>
        <line num="86" count="7" type="stmt"/>
        <line num="88" count="7" type="stmt"/>
      </file>
      <file name="validation.ts" path="/home/runner/work/questionnaire/questionnaire/src/core/schemas/validation.ts">
        <metrics statements="20" coveredstatements="0" conditionals="18" coveredconditionals="0" methods="7" coveredmethods="0"/>
        <line num="13" count="0" type="stmt"/>
        <line num="14" count="0" type="stmt"/>
        <line num="21" count="0" type="stmt"/>
        <line num="22" count="0" type="stmt"/>
        <line num="29" count="0" type="cond" truecount="0" falsecount="4"/>
        <line num="30" count="0" type="cond" truecount="0" falsecount="4"/>
        <line num="31" count="0" type="stmt"/>
        <line num="38" count="0" type="stmt"/>
        <line num="39" count="0" type="stmt"/>
        <line num="40" count="0" type="stmt"/>
        <line num="42" count="0" type="stmt"/>
        <line num="54" count="0" type="cond" truecount="0" falsecount="4"/>
        <line num="55" count="0" type="stmt"/>
        <line num="61" count="0" type="cond" truecount="0" falsecount="4"/>
        <line num="62" count="0" type="stmt"/>
        <line num="68" count="0" type="stmt"/>
        <line num="84" count="0" type="stmt"/>
        <line num="85" count="0" type="stmt"/>
        <line num="86" count="0" type="cond" truecount="0" falsecount="2"/>
        <line num="89" count="0" type="stmt"/>
      </file>
    </package>
    <package name="src.fixtures">
      <metrics statements="56" coveredstatements="52" conditionals="23" coveredconditionals="19" methods="21" coveredmethods="19"/>
      <file name="loader.ts" path="/home/runner/work/questionnaire/questionnaire/src/fixtures/loader.ts">
        <metrics statements="16" coveredstatements="16" conditionals="0" coveredconditionals="0" methods="8" coveredmethods="8"/>
        <line num="9" count="2" type="stmt"/>
        <line num="15" count="100" type="stmt"/>
        <line num="16" count="100" type="stmt"/>
        <line num="17" count="99" type="stmt"/>
        <line num="18" count="99" type="stmt"/>
        <line num="25" count="27" type="stmt"/>
        <line num="26" count="27" type="stmt"/>
        <line num="27" count="98" type="stmt"/>
        <line num="29" count="27" type="stmt"/>
        <line num="30" count="98" type="stmt"/>
        <line num="33" count="27" type="stmt"/>
        <line num="40" count="10" type="stmt"/>
        <line num="47" count="9" type="stmt"/>
        <line num="54" count="8" type="stmt"/>
        <line num="61" count="6" type="stmt"/>
        <line num="67" count="6" type="stmt"/>
      </file>
      <file name="validator.ts" path="/home/runner/work/questionnaire/questionnaire/src/fixtures/validator.ts">
        <metrics statements="40" coveredstatements="36" conditionals="23" coveredconditionals="19" methods="13" coveredmethods="11"/>
        <line num="27" count="47" type="stmt"/>
        <line num="28" count="47" type="stmt"/>
        <line num="29" count="45" type="stmt"/>
        <line num="35" count="2" type="cond" truecount="1" falsecount="1"/>
        <line num="36" count="2" type="stmt"/>
        <line num="38" count="5" type="stmt"/>
        <line num="41" count="0" type="stmt"/>
        <line num="54" count="0" type="stmt"/>
        <line num="55" count="0" type="stmt"/>
        <line num="63" count="1" type="stmt"/>
        <line num="64" count="11" type="cond" truecount="1" falsecount="1"/>
        <line num="72" count="3" type="stmt"/>
        <line num="73" count="3" type="stmt"/>
        <line num="74" count="3" type="stmt"/>
        <line num="75" count="3" type="stmt"/>
        <line num="77" count="3" type="stmt"/>
        <line num="78" count="33" type="stmt"/>
        <line num="80" count="33" type="cond" truecount="3" falsecount="1"/>
        <line num="81" count="33" type="stmt"/>
        <line num="84" count="33" type="stmt"/>
        <line num="85" count="366" type="cond" truecount="2" falsecount="0"/>
        <line num="88" count="366" type="cond" truecount="4" falsecount="0"/>
        <line num="89" count="207" type="stmt"/>
        <line num="90" count="369" type="stmt"/>
        <line num="95" count="366" type="cond" truecount="2" falsecount="0"/>
        <line num="96" count="45" type="stmt"/>
        <line num="100" count="0" type="stmt"/>
        <line num="107" count="3" type="stmt"/>
        <line num="124" count="8" type="stmt"/>
        <line num="127" count="8" type="stmt"/>
        <line num="128" count="8" type="stmt"/>
        <line num="129" count="34" type="cond" truecount="2" falsecount="0"/>
        <line num="130" count="1" type="stmt"/>
        <line num="132" count="34" type="stmt"/>
        <line num="136" count="8" type="stmt"/>
        <line num="137" count="34" type="cond" truecount="2" falsecount="0"/>
        <line num="138" count="9" type="stmt"/>
        <line num="139" count="9" type="cond" truecount="2" falsecount="0"/>
        <line num="140" count="1" type="stmt"/>
        <line num="145" count="8" type="stmt"/>
      </file>
    </package>
  </project>
</coverage>
