{"/home/runner/work/questionnaire/questionnaire/src/example.ts": {"path":"/home/runner/work/questionnaire/questionnaire/src/example.ts","statementMap":{"0":{"start":{"line":17,"column":28},"end":{"line":95,"column":2}},"1":{"start":{"line":98,"column":0},"end":{"line":106,"column":1}},"2":{"start":{"line":99,"column":33},"end":{"line":99,"column":75}},"3":{"start":{"line":100,"column":2},"end":{"line":100,"column":56}},"4":{"start":{"line":101,"column":2},"end":{"line":101,"column":69}},"5":{"start":{"line":102,"column":2},"end":{"line":102,"column":75}},"6":{"start":{"line":103,"column":2},"end":{"line":103,"column":64}},"7":{"start":{"line":105,"column":2},"end":{"line":105,"column":61}},"8":{"start":{"line":109,"column":17},"end":{"line":113,"column":null}},"9":{"start":{"line":116,"column":0},"end":{"line":116,"column":50}},"10":{"start":{"line":117,"column":0},"end":{"line":117,"column":47}},"11":{"start":{"line":118,"column":0},"end":{"line":118,"column":53}},"12":{"start":{"line":119,"column":0},"end":{"line":119,"column":46}},"13":{"start":{"line":120,"column":0},"end":{"line":120,"column":107}},"14":{"start":{"line":123,"column":0},"end":{"line":127,"column":3}},"15":{"start":{"line":129,"column":0},"end":{"line":129,"column":43}},"16":{"start":{"line":130,"column":0},"end":{"line":130,"column":36}},"17":{"start":{"line":132,"column":0},"end":{"line":132,"column":44}},"18":{"start":{"line":133,"column":0},"end":{"line":133,"column":109}},"19":{"start":{"line":135,"column":0},"end":{"line":135,"column":50}},"20":{"start":{"line":136,"column":0},"end":{"line":136,"column":42}}},"fnMap":{},"branchMap":{},"s":{"0":0,"1":0,"2":0,"3":0,"4":0,"5":0,"6":0,"7":0,"8":0,"9":0,"10":0,"11":0,"12":0,"13":0,"14":0,"15":0,"16":0,"17":0,"18":0,"19":0,"20":0},"f":{},"b":{}}
,"/home/runner/work/questionnaire/questionnaire/src/__tests__/helpers/test-data-factory.ts": {"path":"/home/runner/work/questionnaire/questionnaire/src/__tests__/helpers/test-data-factory.ts","statementMap":{"0":{"start":{"line":24,"column":4},"end":{"line":30,"column":6}},"1":{"start":{"line":37,"column":4},"end":{"line":43,"column":6}},"2":{"start":{"line":50,"column":4},"end":{"line":56,"column":6}},"3":{"start":{"line":63,"column":4},"end":{"line":74,"column":6}},"4":{"start":{"line":81,"column":4},"end":{"line":92,"column":6}},"5":{"start":{"line":99,"column":4},"end":{"line":105,"column":6}},"6":{"start":{"line":112,"column":4},"end":{"line":118,"column":6}},"7":{"start":{"line":125,"column":4},"end":{"line":135,"column":6}},"8":{"start":{"line":142,"column":16},"end":{"line":142,"column":40}},"9":{"start":{"line":143,"column":4},"end":{"line":157,"column":6}},"10":{"start":{"line":164,"column":16},"end":{"line":164,"column":40}},"11":{"start":{"line":165,"column":22},"end":{"line":165,"column":24}},"12":{"start":{"line":167,"column":4},"end":{"line":195,"column":5}},"13":{"start":{"line":167,"column":17},"end":{"line":167,"column":18}},"14":{"start":{"line":168,"column":19},"end":{"line":168,"column":24}},"15":{"start":{"line":169,"column":6},"end":{"line":194,"column":7}},"16":{"start":{"line":171,"column":10},"end":{"line":171,"column":72}},"17":{"start":{"line":172,"column":10},"end":{"line":172,"column":16}},"18":{"start":{"line":174,"column":10},"end":{"line":174,"column":73}},"19":{"start":{"line":175,"column":10},"end":{"line":175,"column":16}},"20":{"start":{"line":177,"column":10},"end":{"line":177,"column":74}},"21":{"start":{"line":178,"column":10},"end":{"line":178,"column":16}},"22":{"start":{"line":180,"column":10},"end":{"line":180,"column":80}},"23":{"start":{"line":181,"column":10},"end":{"line":181,"column":16}},"24":{"start":{"line":183,"column":10},"end":{"line":183,"column":82}},"25":{"start":{"line":184,"column":10},"end":{"line":184,"column":16}},"26":{"start":{"line":186,"column":10},"end":{"line":186,"column":75}},"27":{"start":{"line":187,"column":10},"end":{"line":187,"column":16}},"28":{"start":{"line":189,"column":10},"end":{"line":189,"column":72}},"29":{"start":{"line":190,"column":10},"end":{"line":190,"column":16}},"30":{"start":{"line":192,"column":10},"end":{"line":192,"column":74}},"31":{"start":{"line":193,"column":10},"end":{"line":193,"column":16}},"32":{"start":{"line":197,"column":4},"end":{"line":207,"column":6}},"33":{"start":{"line":214,"column":16},"end":{"line":214,"column":40}},"34":{"start":{"line":215,"column":21},"end":{"line":228,"column":6}},"35":{"start":{"line":230,"column":4},"end":{"line":238,"column":6}}},"fnMap":{"0":{"name":"(anonymous_0)","decl":{"start":{"line":23,"column":2},"end":{"line":23,"column":8}},"loc":{"start":{"line":23,"column":66},"end":{"line":31,"column":3}}},"1":{"name":"(anonymous_1)","decl":{"start":{"line":36,"column":2},"end":{"line":36,"column":8}},"loc":{"start":{"line":36,"column":68},"end":{"line":44,"column":3}}},"2":{"name":"(anonymous_2)","decl":{"start":{"line":49,"column":2},"end":{"line":49,"column":8}},"loc":{"start":{"line":49,"column":70},"end":{"line":57,"column":3}}},"3":{"name":"(anonymous_3)","decl":{"start":{"line":62,"column":2},"end":{"line":62,"column":8}},"loc":{"start":{"line":62,"column":82},"end":{"line":75,"column":3}}},"4":{"name":"(anonymous_4)","decl":{"start":{"line":80,"column":2},"end":{"line":80,"column":8}},"loc":{"start":{"line":80,"column":86},"end":{"line":93,"column":3}}},"5":{"name":"(anonymous_5)","decl":{"start":{"line":98,"column":2},"end":{"line":98,"column":8}},"loc":{"start":{"line":98,"column":72},"end":{"line":106,"column":3}}},"6":{"name":"(anonymous_6)","decl":{"start":{"line":111,"column":2},"end":{"line":111,"column":8}},"loc":{"start":{"line":111,"column":66},"end":{"line":119,"column":3}}},"7":{"name":"(anonymous_7)","decl":{"start":{"line":124,"column":2},"end":{"line":124,"column":8}},"loc":{"start":{"line":124,"column":70},"end":{"line":136,"column":3}}},"8":{"name":"(anonymous_8)","decl":{"start":{"line":141,"column":2},"end":{"line":141,"column":8}},"loc":{"start":{"line":141,"column":68},"end":{"line":158,"column":3}}},"9":{"name":"(anonymous_9)","decl":{"start":{"line":163,"column":2},"end":{"line":163,"column":8}},"loc":{"start":{"line":163,"column":55},"end":{"line":208,"column":3}}},"10":{"name":"(anonymous_10)","decl":{"start":{"line":213,"column":2},"end":{"line":213,"column":8}},"loc":{"start":{"line":213,"column":71},"end":{"line":239,"column":3}}}},"branchMap":{"0":{"loc":{"start":{"line":169,"column":6},"end":{"line":194,"column":7}},"type":"switch","locations":[{"start":{"line":170,"column":8},"end":{"line":172,"column":16}},{"start":{"line":173,"column":8},"end":{"line":175,"column":16}},{"start":{"line":176,"column":8},"end":{"line":178,"column":16}},{"start":{"line":179,"column":8},"end":{"line":181,"column":16}},{"start":{"line":182,"column":8},"end":{"line":184,"column":16}},{"start":{"line":185,"column":8},"end":{"line":187,"column":16}},{"start":{"line":188,"column":8},"end":{"line":190,"column":16}},{"start":{"line":191,"column":8},"end":{"line":193,"column":16}}]},"1":{"loc":{"start":{"line":236,"column":12},"end":{"line":236,"column":37}},"type":"binary-expr","locations":[{"start":{"line":236,"column":12},"end":{"line":236,"column":31}},{"start":{"line":236,"column":35},"end":{"line":236,"column":37}}]}},"s":{"0":530,"1":269,"2":510,"3":272,"4":270,"5":368,"6":268,"7":268,"8":130,"9":130,"10":3,"11":3,"12":3,"13":3,"14":2100,"15":2100,"16":263,"17":263,"18":263,"19":263,"20":263,"21":263,"22":263,"23":263,"24":262,"25":262,"26":262,"27":262,"28":262,"29":262,"30":262,"31":262,"32":3,"33":35,"34":35,"35":35},"f":{"0":530,"1":269,"2":510,"3":272,"4":270,"5":368,"6":268,"7":268,"8":130,"9":3,"10":35},"b":{"0":[263,263,263,263,262,262,262,262],"1":[35,22]}}
,"/home/runner/work/questionnaire/questionnaire/src/__tests__/helpers/validation-helpers.ts": {"path":"/home/runner/work/questionnaire/questionnaire/src/__tests__/helpers/validation-helpers.ts","statementMap":{"0":{"start":{"line":16,"column":4},"end":{"line":16,"column":47}},"1":{"start":{"line":16,"column":17},"end":{"line":16,"column":35}},"2":{"start":{"line":18,"column":4},"end":{"line":28,"column":5}},"3":{"start":{"line":19,"column":6},"end":{"line":27,"column":7}},"4":{"start":{"line":20,"column":8},"end":{"line":20,"column":27}},"5":{"start":{"line":21,"column":8},"end":{"line":21,"column":72}},"6":{"start":{"line":23,"column":8},"end":{"line":26,"column":9}},"7":{"start":{"line":24,"column":31},"end":{"line":24,"column":74}},"8":{"start":{"line":24,"column":53},"end":{"line":24,"column":62}},"9":{"start":{"line":25,"column":10},"end":{"line":25,"column":58}},"10":{"start":{"line":35,"column":4},"end":{"line":35,"column":51}},"11":{"start":{"line":35,"column":17},"end":{"line":35,"column":35}},"12":{"start":{"line":48,"column":4},"end":{"line":48,"column":62}},"13":{"start":{"line":48,"column":17},"end":{"line":48,"column":46}},"14":{"start":{"line":49,"column":4},"end":{"line":49,"column":62}},"15":{"start":{"line":49,"column":17},"end":{"line":49,"column":50}},"16":{"start":{"line":52,"column":4},"end":{"line":52,"column":62}},"17":{"start":{"line":52,"column":17},"end":{"line":52,"column":46}},"18":{"start":{"line":53,"column":4},"end":{"line":53,"column":62}},"19":{"start":{"line":53,"column":17},"end":{"line":53,"column":50}},"20":{"start":{"line":60,"column":4},"end":{"line":62,"column":18}},"21":{"start":{"line":61,"column":16},"end":{"line":61,"column":51}},"22":{"start":{"line":73,"column":19},"end":{"line":73,"column":41}},"23":{"start":{"line":74,"column":4},"end":{"line":76,"column":5}},"24":{"start":{"line":75,"column":6},"end":{"line":75,"column":50}},"25":{"start":{"line":77,"column":4},"end":{"line":77,"column":51}}},"fnMap":{"0":{"name":"(anonymous_0)","decl":{"start":{"line":11,"column":2},"end":{"line":11,"column":8}},"loc":{"start":{"line":14,"column":28},"end":{"line":29,"column":3}}},"1":{"name":"(anonymous_1)","decl":{"start":{"line":16,"column":11},"end":{"line":16,"column":14}},"loc":{"start":{"line":16,"column":17},"end":{"line":16,"column":35}}},"2":{"name":"(anonymous_2)","decl":{"start":{"line":24,"column":48},"end":{"line":24,"column":49}},"loc":{"start":{"line":24,"column":53},"end":{"line":24,"column":62}}},"3":{"name":"(anonymous_3)","decl":{"start":{"line":34,"column":2},"end":{"line":34,"column":8}},"loc":{"start":{"line":34,"column":67},"end":{"line":36,"column":3}}},"4":{"name":"(anonymous_4)","decl":{"start":{"line":35,"column":11},"end":{"line":35,"column":14}},"loc":{"start":{"line":35,"column":17},"end":{"line":35,"column":35}}},"5":{"name":"(anonymous_5)","decl":{"start":{"line":41,"column":2},"end":{"line":41,"column":8}},"loc":{"start":{"line":45,"column":15},"end":{"line":54,"column":3}}},"6":{"name":"(anonymous_6)","decl":{"start":{"line":48,"column":11},"end":{"line":48,"column":14}},"loc":{"start":{"line":48,"column":17},"end":{"line":48,"column":46}}},"7":{"name":"(anonymous_7)","decl":{"start":{"line":49,"column":11},"end":{"line":49,"column":14}},"loc":{"start":{"line":49,"column":17},"end":{"line":49,"column":50}}},"8":{"name":"(anonymous_8)","decl":{"start":{"line":52,"column":11},"end":{"line":52,"column":14}},"loc":{"start":{"line":52,"column":17},"end":{"line":52,"column":46}}},"9":{"name":"(anonymous_9)","decl":{"start":{"line":53,"column":11},"end":{"line":53,"column":14}},"loc":{"start":{"line":53,"column":17},"end":{"line":53,"column":50}}},"10":{"name":"(anonymous_10)","decl":{"start":{"line":59,"column":2},"end":{"line":59,"column":8}},"loc":{"start":{"line":59,"column":41},"end":{"line":63,"column":3}}},"11":{"name":"(anonymous_11)","decl":{"start":{"line":61,"column":11},"end":{"line":61,"column":12}},"loc":{"start":{"line":61,"column":16},"end":{"line":61,"column":51}}},"12":{"name":"(anonymous_12)","decl":{"start":{"line":68,"column":2},"end":{"line":68,"column":8}},"loc":{"start":{"line":68,"column":59},"end":{"line":78,"column":3}}}},"branchMap":{"0":{"loc":{"start":{"line":18,"column":4},"end":{"line":28,"column":5}},"type":"if","locations":[{"start":{"line":18,"column":4},"end":{"line":28,"column":5}},{"start":{},"end":{}}]},"1":{"loc":{"start":{"line":23,"column":8},"end":{"line":26,"column":9}},"type":"if","locations":[{"start":{"line":23,"column":8},"end":{"line":26,"column":9}},{"start":{},"end":{}}]},"2":{"loc":{"start":{"line":74,"column":4},"end":{"line":76,"column":5}},"type":"if","locations":[{"start":{"line":74,"column":4},"end":{"line":76,"column":5}},{"start":{},"end":{}}]}},"s":{"0":52,"1":52,"2":52,"3":0,"4":0,"5":0,"6":0,"7":0,"8":0,"9":0,"10":248,"11":248,"12":0,"13":0,"14":0,"15":0,"16":0,"17":0,"18":0,"19":0,"20":0,"21":0,"22":0,"23":0,"24":0,"25":0},"f":{"0":52,"1":52,"2":0,"3":248,"4":248,"5":0,"6":0,"7":0,"8":0,"9":0,"10":0,"11":0,"12":0},"b":{"0":[0,52],"1":[0,0],"2":[0,0]}}
,"/home/runner/work/questionnaire/questionnaire/src/core/schemas/question.ts": {"path":"/home/runner/work/questionnaire/questionnaire/src/core/schemas/question.ts","statementMap":{"0":{"start":{"line":7,"column":0},"end":{"line":7,"column":null}},"1":{"start":{"line":8,"column":2},"end":{"line":8,"column":null}},"2":{"start":{"line":9,"column":2},"end":{"line":9,"column":null}},"3":{"start":{"line":10,"column":2},"end":{"line":10,"column":null}},"4":{"start":{"line":11,"column":2},"end":{"line":11,"column":null}},"5":{"start":{"line":12,"column":2},"end":{"line":12,"column":null}},"6":{"start":{"line":13,"column":2},"end":{"line":13,"column":null}},"7":{"start":{"line":14,"column":2},"end":{"line":14,"column":null}},"8":{"start":{"line":15,"column":2},"end":{"line":15,"column":null}},"9":{"start":{"line":21,"column":36},"end":{"line":25,"column":2}},"10":{"start":{"line":30,"column":36},"end":{"line":35,"column":13}},"11":{"start":{"line":40,"column":38},"end":{"line":44,"column":13}},"12":{"start":{"line":49,"column":36},"end":{"line":54,"column":13}},"13":{"start":{"line":59,"column":38},"end":{"line":63,"column":13}},"14":{"start":{"line":68,"column":36},"end":{"line":72,"column":2}},"15":{"start":{"line":77,"column":38},"end":{"line":82,"column":2}},"16":{"start":{"line":88,"column":34},"end":{"line":96,"column":2}},"17":{"start":{"line":101,"column":34},"end":{"line":104,"column":2}},"18":{"start":{"line":109,"column":35},"end":{"line":112,"column":2}},"19":{"start":{"line":117,"column":36},"end":{"line":120,"column":2}},"20":{"start":{"line":125,"column":42},"end":{"line":131,"column":2}},"21":{"start":{"line":136,"column":44},"end":{"line":144,"column":2}},"22":{"start":{"line":149,"column":37},"end":{"line":152,"column":2}},"23":{"start":{"line":157,"column":34},"end":{"line":160,"column":2}},"24":{"start":{"line":165,"column":36},"end":{"line":168,"column":2}},"25":{"start":{"line":173,"column":30},"end":{"line":182,"column":2}}},"fnMap":{"0":{"name":"(anonymous_0)","decl":{"start":{"line":7,"column":0},"end":{"line":7,"column":6}},"loc":{"start":{"line":7,"column":24},"end":{"line":16,"column":1}}}},"branchMap":{"0":{"loc":{"start":{"line":7,"column":12},"end":{"line":7,"column":null}},"type":"binary-expr","locations":[{"start":{"line":7,"column":12},"end":{"line":7,"column":24}},{"start":{"line":7,"column":12},"end":{"line":7,"column":null}}]}},"s":{"0":7,"1":7,"2":7,"3":7,"4":7,"5":7,"6":7,"7":7,"8":7,"9":7,"10":7,"11":7,"12":7,"13":7,"14":7,"15":7,"16":7,"17":7,"18":7,"19":7,"20":7,"21":7,"22":7,"23":7,"24":7,"25":7},"f":{"0":7},"b":{"0":[7,7]}}
,"/home/runner/work/questionnaire/questionnaire/src/core/schemas/questionnaire.ts": {"path":"/home/runner/work/questionnaire/questionnaire/src/core/schemas/questionnaire.ts","statementMap":{"0":{"start":{"line":7,"column":43},"end":{"line":14,"column":2}},"1":{"start":{"line":19,"column":41},"end":{"line":24,"column":13}},"2":{"start":{"line":29,"column":35},"end":{"line":35,"column":2}},"3":{"start":{"line":55,"column":2},"end":{"line":55,"column":41}},"4":{"start":{"line":64,"column":2},"end":{"line":64,"column":45}}},"fnMap":{"0":{"name":"validateQuestionnaire","decl":{"start":{"line":54,"column":16},"end":{"line":54,"column":37}},"loc":{"start":{"line":54,"column":51},"end":{"line":56,"column":1}}},"1":{"name":"safeValidateQuestionnaire","decl":{"start":{"line":63,"column":16},"end":{"line":63,"column":41}},"loc":{"start":{"line":63,"column":55},"end":{"line":65,"column":1}}}},"branchMap":{},"s":{"0":4,"1":4,"2":4,"3":2,"4":2},"f":{"0":2,"1":2},"b":{}}
,"/home/runner/work/questionnaire/questionnaire/src/core/schemas/response.ts": {"path":"/home/runner/work/questionnaire/questionnaire/src/core/schemas/response.ts","statementMap":{"0":{"start":{"line":7,"column":21},"end":{"line":11,"column":2}},"1":{"start":{"line":16,"column":0},"end":{"line":16,"column":null}},"2":{"start":{"line":17,"column":2},"end":{"line":17,"column":null}},"3":{"start":{"line":18,"column":2},"end":{"line":18,"column":null}},"4":{"start":{"line":19,"column":2},"end":{"line":19,"column":null}},"5":{"start":{"line":25,"column":31},"end":{"line":29,"column":2}},"6":{"start":{"line":34,"column":43},"end":{"line":45,"column":2}},"7":{"start":{"line":65,"column":2},"end":{"line":65,"column":49}},"8":{"start":{"line":74,"column":2},"end":{"line":74,"column":53}},"9":{"start":{"line":86,"column":14},"end":{"line":86,"column":38}},"10":{"start":{"line":88,"column":2},"end":{"line":101,"column":5}}},"fnMap":{"0":{"name":"(anonymous_0)","decl":{"start":{"line":16,"column":0},"end":{"line":16,"column":6}},"loc":{"start":{"line":16,"column":26},"end":{"line":20,"column":1}}},"1":{"name":"validateResponse","decl":{"start":{"line":64,"column":16},"end":{"line":64,"column":32}},"loc":{"start":{"line":64,"column":46},"end":{"line":66,"column":1}}},"2":{"name":"safeValidateResponse","decl":{"start":{"line":73,"column":16},"end":{"line":73,"column":36}},"loc":{"start":{"line":73,"column":50},"end":{"line":75,"column":1}}},"3":{"name":"createResponse","decl":{"start":{"line":80,"column":16},"end":{"line":80,"column":30}},"loc":{"start":{"line":84,"column":24},"end":{"line":102,"column":1}}}},"branchMap":{"0":{"loc":{"start":{"line":16,"column":12},"end":{"line":16,"column":null}},"type":"binary-expr","locations":[{"start":{"line":16,"column":12},"end":{"line":16,"column":26}},{"start":{"line":16,"column":12},"end":{"line":16,"column":null}}]}},"s":{"0":6,"1":6,"2":6,"3":6,"4":6,"5":6,"6":6,"7":2,"8":2,"9":7,"10":7},"f":{"0":6,"1":2,"2":2,"3":7},"b":{"0":[6,6]}}
,"/home/runner/work/questionnaire/questionnaire/src/core/schemas/validation.ts": {"path":"/home/runner/work/questionnaire/questionnaire/src/core/schemas/validation.ts","statementMap":{"0":{"start":{"line":13,"column":22},"end":{"line":13,"column":40}},"1":{"start":{"line":14,"column":2},"end":{"line":14,"column":46}},"2":{"start":{"line":21,"column":21},"end":{"line":21,"column":42}},"3":{"start":{"line":22,"column":2},"end":{"line":22,"column":50}},"4":{"start":{"line":29,"column":2},"end":{"line":29,"column":53}},"5":{"start":{"line":29,"column":40},"end":{"line":29,"column":53}},"6":{"start":{"line":30,"column":2},"end":{"line":30,"column":53}},"7":{"start":{"line":30,"column":40},"end":{"line":30,"column":53}},"8":{"start":{"line":31,"column":2},"end":{"line":31,"column":14}},"9":{"start":{"line":38,"column":2},"end":{"line":43,"column":3}},"10":{"start":{"line":39,"column":18},"end":{"line":39,"column":37}},"11":{"start":{"line":40,"column":4},"end":{"line":40,"column":29}},"12":{"start":{"line":42,"column":4},"end":{"line":42,"column":17}},"13":{"start":{"line":54,"column":2},"end":{"line":59,"column":3}},"14":{"start":{"line":55,"column":4},"end":{"line":58,"column":6}},"15":{"start":{"line":61,"column":2},"end":{"line":66,"column":3}},"16":{"start":{"line":62,"column":4},"end":{"line":65,"column":6}},"17":{"start":{"line":68,"column":2},"end":{"line":68,"column":25}},"18":{"start":{"line":84,"column":17},"end":{"line":87,"column":4}},"19":{"start":{"line":85,"column":17},"end":{"line":85,"column":37}},"20":{"start":{"line":86,"column":4},"end":{"line":86,"column":62}},"21":{"start":{"line":89,"column":2},"end":{"line":93,"column":4}}},"fnMap":{"0":{"name":"isValidEmail","decl":{"start":{"line":12,"column":16},"end":{"line":12,"column":28}},"loc":{"start":{"line":12,"column":42},"end":{"line":15,"column":1}}},"1":{"name":"isValidDate","decl":{"start":{"line":20,"column":16},"end":{"line":20,"column":27}},"loc":{"start":{"line":20,"column":46},"end":{"line":23,"column":1}}},"2":{"name":"isInRange","decl":{"start":{"line":28,"column":16},"end":{"line":28,"column":25}},"loc":{"start":{"line":28,"column":67},"end":{"line":32,"column":1}}},"3":{"name":"matchesPattern","decl":{"start":{"line":37,"column":16},"end":{"line":37,"column":30}},"loc":{"start":{"line":37,"column":61},"end":{"line":44,"column":1}}},"4":{"name":"validateLength","decl":{"start":{"line":49,"column":16},"end":{"line":49,"column":30}},"loc":{"start":{"line":52,"column":20},"end":{"line":69,"column":1}}},"5":{"name":"formatZodError","decl":{"start":{"line":83,"column":16},"end":{"line":83,"column":30}},"loc":{"start":{"line":83,"column":48},"end":{"line":94,"column":1}}},"6":{"name":"(anonymous_6)","decl":{"start":{"line":84,"column":34},"end":{"line":84,"column":39}},"loc":{"start":{"line":84,"column":42},"end":{"line":87,"column":3}}}},"branchMap":{"0":{"loc":{"start":{"line":29,"column":2},"end":{"line":29,"column":53}},"type":"if","locations":[{"start":{"line":29,"column":2},"end":{"line":29,"column":53}},{"start":{},"end":{}}]},"1":{"loc":{"start":{"line":29,"column":6},"end":{"line":29,"column":38}},"type":"binary-expr","locations":[{"start":{"line":29,"column":6},"end":{"line":29,"column":23}},{"start":{"line":29,"column":27},"end":{"line":29,"column":38}}]},"2":{"loc":{"start":{"line":30,"column":2},"end":{"line":30,"column":53}},"type":"if","locations":[{"start":{"line":30,"column":2},"end":{"line":30,"column":53}},{"start":{},"end":{}}]},"3":{"loc":{"start":{"line":30,"column":6},"end":{"line":30,"column":38}},"type":"binary-expr","locations":[{"start":{"line":30,"column":6},"end":{"line":30,"column":23}},{"start":{"line":30,"column":27},"end":{"line":30,"column":38}}]},"4":{"loc":{"start":{"line":54,"column":2},"end":{"line":59,"column":3}},"type":"if","locations":[{"start":{"line":54,"column":2},"end":{"line":59,"column":3}},{"start":{},"end":{}}]},"5":{"loc":{"start":{"line":54,"column":6},"end":{"line":54,"column":57}},"type":"binary-expr","locations":[{"start":{"line":54,"column":6},"end":{"line":54,"column":29}},{"start":{"line":54,"column":33},"end":{"line":54,"column":57}}]},"6":{"loc":{"start":{"line":61,"column":2},"end":{"line":66,"column":3}},"type":"if","locations":[{"start":{"line":61,"column":2},"end":{"line":66,"column":3}},{"start":{},"end":{}}]},"7":{"loc":{"start":{"line":61,"column":6},"end":{"line":61,"column":57}},"type":"binary-expr","locations":[{"start":{"line":61,"column":6},"end":{"line":61,"column":29}},{"start":{"line":61,"column":33},"end":{"line":61,"column":57}}]},"8":{"loc":{"start":{"line":86,"column":11},"end":{"line":86,"column":61}},"type":"cond-expr","locations":[{"start":{"line":86,"column":18},"end":{"line":86,"column":45}},{"start":{"line":86,"column":48},"end":{"line":86,"column":61}}]}},"s":{"0":0,"1":0,"2":0,"3":0,"4":0,"5":0,"6":0,"7":0,"8":0,"9":0,"10":0,"11":0,"12":0,"13":0,"14":0,"15":0,"16":0,"17":0,"18":0,"19":0,"20":0,"21":0},"f":{"0":0,"1":0,"2":0,"3":0,"4":0,"5":0,"6":0},"b":{"0":[0,0],"1":[0,0],"2":[0,0],"3":[0,0],"4":[0,0],"5":[0,0],"6":[0,0],"7":[0,0],"8":[0,0]}}
,"/home/runner/work/questionnaire/questionnaire/src/fixtures/loader.ts": {"path":"/home/runner/work/questionnaire/questionnaire/src/fixtures/loader.ts","statementMap":{"0":{"start":{"line":9,"column":32},"end":{"line":9,"column":42}},"1":{"start":{"line":15,"column":21},"end":{"line":15,"column":58}},"2":{"start":{"line":16,"column":20},"end":{"line":16,"column":53}},"3":{"start":{"line":17,"column":17},"end":{"line":17,"column":36}},"4":{"start":{"line":18,"column":4},"end":{"line":18,"column":43}},"5":{"start":{"line":25,"column":20},"end":{"line":25,"column":48}},"6":{"start":{"line":26,"column":18},"end":{"line":26,"column":40}},"7":{"start":{"line":27,"column":22},"end":{"line":27,"column":60}},"8":{"start":{"line":27,"column":40},"end":{"line":27,"column":59}},"9":{"start":{"line":29,"column":21},"end":{"line":30,"column":null}},"10":{"start":{"line":30,"column":28},"end":{"line":30,"column":61}},"11":{"start":{"line":33,"column":4},"end":{"line":33,"column":20}},"12":{"start":{"line":40,"column":4},"end":{"line":40,"column":45}},"13":{"start":{"line":47,"column":4},"end":{"line":47,"column":48}},"14":{"start":{"line":54,"column":4},"end":{"line":54,"column":50}},"15":{"start":{"line":61,"column":41},"end":{"line":65,"column":6}},"16":{"start":{"line":67,"column":4},"end":{"line":67,"column":49}}},"fnMap":{"0":{"name":"(anonymous_0)","decl":{"start":{"line":14,"column":2},"end":{"line":14,"column":8}},"loc":{"start":{"line":14,"column":47},"end":{"line":19,"column":3}}},"1":{"name":"(anonymous_1)","decl":{"start":{"line":24,"column":2},"end":{"line":24,"column":8}},"loc":{"start":{"line":24,"column":46},"end":{"line":34,"column":3}}},"2":{"name":"(anonymous_2)","decl":{"start":{"line":27,"column":35},"end":{"line":27,"column":36}},"loc":{"start":{"line":27,"column":40},"end":{"line":27,"column":59}}},"3":{"name":"(anonymous_3)","decl":{"start":{"line":30,"column":20},"end":{"line":30,"column":24}},"loc":{"start":{"line":30,"column":28},"end":{"line":30,"column":61}}},"4":{"name":"(anonymous_4)","decl":{"start":{"line":39,"column":2},"end":{"line":39,"column":8}},"loc":{"start":{"line":39,"column":32},"end":{"line":41,"column":3}}},"5":{"name":"(anonymous_5)","decl":{"start":{"line":46,"column":2},"end":{"line":46,"column":8}},"loc":{"start":{"line":46,"column":35},"end":{"line":48,"column":3}}},"6":{"name":"(anonymous_6)","decl":{"start":{"line":53,"column":2},"end":{"line":53,"column":8}},"loc":{"start":{"line":53,"column":35},"end":{"line":55,"column":3}}},"7":{"name":"(anonymous_7)","decl":{"start":{"line":60,"column":2},"end":{"line":60,"column":8}},"loc":{"start":{"line":60,"column":30},"end":{"line":68,"column":3}}}},"branchMap":{},"s":{"0":2,"1":100,"2":100,"3":99,"4":99,"5":27,"6":27,"7":27,"8":98,"9":27,"10":98,"11":27,"12":10,"13":9,"14":8,"15":6,"16":6},"f":{"0":100,"1":27,"2":98,"3":98,"4":10,"5":9,"6":8,"7":6},"b":{}}
,"/home/runner/work/questionnaire/questionnaire/src/fixtures/validator.ts": {"path":"/home/runner/work/questionnaire/questionnaire/src/fixtures/validator.ts","statementMap":{"0":{"start":{"line":27,"column":4},"end":{"line":45,"column":5}},"1":{"start":{"line":28,"column":28},"end":{"line":28,"column":59}},"2":{"start":{"line":29,"column":6},"end":{"line":33,"column":8}},"3":{"start":{"line":35,"column":6},"end":{"line":40,"column":7}},"4":{"start":{"line":36,"column":8},"end":{"line":39,"column":10}},"5":{"start":{"line":38,"column":40},"end":{"line":38,"column":84}},"6":{"start":{"line":41,"column":6},"end":{"line":44,"column":8}},"7":{"start":{"line":54,"column":4},"end":{"line":56,"column":6}},"8":{"start":{"line":55,"column":6},"end":{"line":55,"column":44}},"9":{"start":{"line":63,"column":4},"end":{"line":65,"column":6}},"10":{"start":{"line":64,"column":6},"end":{"line":64,"column":75}},"11":{"start":{"line":72,"column":57},"end":{"line":72,"column":59}},"12":{"start":{"line":73,"column":31},"end":{"line":73,"column":48}},"13":{"start":{"line":74,"column":65},"end":{"line":74,"column":67}},"14":{"start":{"line":75,"column":24},"end":{"line":75,"column":25}},"15":{"start":{"line":77,"column":4},"end":{"line":105,"column":7}},"16":{"start":{"line":78,"column":21},"end":{"line":78,"column":80}},"17":{"start":{"line":80,"column":6},"end":{"line":104,"column":7}},"18":{"start":{"line":81,"column":8},"end":{"line":81,"column":24}},"19":{"start":{"line":84,"column":8},"end":{"line":98,"column":11}},"20":{"start":{"line":85,"column":10},"end":{"line":85,"column":95}},"21":{"start":{"line":88,"column":10},"end":{"line":92,"column":11}},"22":{"start":{"line":89,"column":12},"end":{"line":91,"column":15}},"23":{"start":{"line":90,"column":14},"end":{"line":90,"column":65}},"24":{"start":{"line":95,"column":10},"end":{"line":97,"column":11}},"25":{"start":{"line":96,"column":12},"end":{"line":96,"column":57}},"26":{"start":{"line":100,"column":8},"end":{"line":103,"column":11}},"27":{"start":{"line":107,"column":4},"end":{"line":114,"column":6}},"28":{"start":{"line":124,"column":29},"end":{"line":124,"column":31}},"29":{"start":{"line":127,"column":24},"end":{"line":127,"column":41}},"30":{"start":{"line":128,"column":4},"end":{"line":133,"column":7}},"31":{"start":{"line":129,"column":6},"end":{"line":131,"column":7}},"32":{"start":{"line":130,"column":8},"end":{"line":130,"column":61}},"33":{"start":{"line":132,"column":6},"end":{"line":132,"column":35}},"34":{"start":{"line":136,"column":4},"end":{"line":143,"column":7}},"35":{"start":{"line":137,"column":6},"end":{"line":142,"column":7}},"36":{"start":{"line":138,"column":22},"end":{"line":138,"column":52}},"37":{"start":{"line":139,"column":8},"end":{"line":141,"column":9}},"38":{"start":{"line":140,"column":10},"end":{"line":140,"column":92}},"39":{"start":{"line":145,"column":4},"end":{"line":148,"column":6}}},"fnMap":{"0":{"name":"(anonymous_0)","decl":{"start":{"line":26,"column":2},"end":{"line":26,"column":8}},"loc":{"start":{"line":26,"column":70},"end":{"line":46,"column":3}}},"1":{"name":"(anonymous_1)","decl":{"start":{"line":38,"column":35},"end":{"line":38,"column":36}},"loc":{"start":{"line":38,"column":40},"end":{"line":38,"column":84}}},"2":{"name":"(anonymous_2)","decl":{"start":{"line":51,"column":2},"end":{"line":51,"column":8}},"loc":{"start":{"line":52,"column":58},"end":{"line":57,"column":3}}},"3":{"name":"(anonymous_3)","decl":{"start":{"line":54,"column":30},"end":{"line":54,"column":31}},"loc":{"start":{"line":55,"column":6},"end":{"line":55,"column":44}}},"4":{"name":"(anonymous_4)","decl":{"start":{"line":62,"column":2},"end":{"line":62,"column":8}},"loc":{"start":{"line":62,"column":60},"end":{"line":66,"column":3}}},"5":{"name":"(anonymous_5)","decl":{"start":{"line":63,"column":24},"end":{"line":63,"column":25}},"loc":{"start":{"line":64,"column":6},"end":{"line":64,"column":75}}},"6":{"name":"(anonymous_6)","decl":{"start":{"line":71,"column":2},"end":{"line":71,"column":8}},"loc":{"start":{"line":71,"column":61},"end":{"line":115,"column":3}}},"7":{"name":"(anonymous_7)","decl":{"start":{"line":77,"column":27},"end":{"line":77,"column":40}},"loc":{"start":{"line":77,"column":43},"end":{"line":105,"column":5}}},"8":{"name":"(anonymous_8)","decl":{"start":{"line":84,"column":47},"end":{"line":84,"column":48}},"loc":{"start":{"line":84,"column":70},"end":{"line":98,"column":9}}},"9":{"name":"(anonymous_9)","decl":{"start":{"line":89,"column":53},"end":{"line":89,"column":57}},"loc":{"start":{"line":89,"column":60},"end":{"line":91,"column":13}}},"10":{"name":"(anonymous_10)","decl":{"start":{"line":120,"column":2},"end":{"line":120,"column":8}},"loc":{"start":{"line":120,"column":59},"end":{"line":149,"column":3}}},"11":{"name":"(anonymous_11)","decl":{"start":{"line":128,"column":36},"end":{"line":128,"column":44}},"loc":{"start":{"line":128,"column":47},"end":{"line":133,"column":5}}},"12":{"name":"(anonymous_12)","decl":{"start":{"line":136,"column":36},"end":{"line":136,"column":44}},"loc":{"start":{"line":136,"column":47},"end":{"line":143,"column":5}}}},"branchMap":{"0":{"loc":{"start":{"line":26,"column":46},"end":{"line":26,"column":70}},"type":"default-arg","locations":[{"start":{"line":26,"column":61},"end":{"line":26,"column":70}}]},"1":{"loc":{"start":{"line":35,"column":6},"end":{"line":40,"column":7}},"type":"if","locations":[{"start":{"line":35,"column":6},"end":{"line":40,"column":7}},{"start":{},"end":{}}]},"2":{"loc":{"start":{"line":64,"column":42},"end":{"line":64,"column":74}},"type":"binary-expr","locations":[{"start":{"line":64,"column":42},"end":{"line":64,"column":52}},{"start":{"line":64,"column":56},"end":{"line":64,"column":74}}]},"3":{"loc":{"start":{"line":80,"column":6},"end":{"line":104,"column":7}},"type":"if","locations":[{"start":{"line":80,"column":6},"end":{"line":104,"column":7}},{"start":{"line":99,"column":13},"end":{"line":104,"column":7}}]},"4":{"loc":{"start":{"line":80,"column":10},"end":{"line":80,"column":46}},"type":"binary-expr","locations":[{"start":{"line":80,"column":10},"end":{"line":80,"column":22}},{"start":{"line":80,"column":26},"end":{"line":80,"column":46}}]},"5":{"loc":{"start":{"line":85,"column":49},"end":{"line":85,"column":89}},"type":"binary-expr","locations":[{"start":{"line":85,"column":49},"end":{"line":85,"column":84}},{"start":{"line":85,"column":88},"end":{"line":85,"column":89}}]},"6":{"loc":{"start":{"line":88,"column":10},"end":{"line":92,"column":11}},"type":"if","locations":[{"start":{"line":88,"column":10},"end":{"line":92,"column":11}},{"start":{},"end":{}}]},"7":{"loc":{"start":{"line":88,"column":14},"end":{"line":88,"column":61}},"type":"binary-expr","locations":[{"start":{"line":88,"column":14},"end":{"line":88,"column":38}},{"start":{"line":88,"column":42},"end":{"line":88,"column":61}}]},"8":{"loc":{"start":{"line":95,"column":10},"end":{"line":97,"column":11}},"type":"if","locations":[{"start":{"line":95,"column":10},"end":{"line":97,"column":11}},{"start":{},"end":{}}]},"9":{"loc":{"start":{"line":129,"column":6},"end":{"line":131,"column":7}},"type":"if","locations":[{"start":{"line":129,"column":6},"end":{"line":131,"column":7}},{"start":{},"end":{}}]},"10":{"loc":{"start":{"line":137,"column":6},"end":{"line":142,"column":7}},"type":"if","locations":[{"start":{"line":137,"column":6},"end":{"line":142,"column":7}},{"start":{},"end":{}}]},"11":{"loc":{"start":{"line":139,"column":8},"end":{"line":141,"column":9}},"type":"if","locations":[{"start":{"line":139,"column":8},"end":{"line":141,"column":9}},{"start":{},"end":{}}]}},"s":{"0":47,"1":47,"2":45,"3":2,"4":2,"5":5,"6":0,"7":0,"8":0,"9":1,"10":11,"11":3,"12":3,"13":3,"14":3,"15":3,"16":33,"17":33,"18":33,"19":33,"20":366,"21":366,"22":207,"23":369,"24":366,"25":45,"26":0,"27":3,"28":8,"29":8,"30":8,"31":34,"32":1,"33":34,"34":8,"35":34,"36":9,"37":9,"38":1,"39":8},"f":{"0":47,"1":5,"2":0,"3":0,"4":1,"5":11,"6":3,"7":33,"8":366,"9":369,"10":8,"11":34,"12":34},"b":{"0":[0],"1":[2,0],"2":[11,0],"3":[33,0],"4":[33,33],"5":[366,24],"6":[207,159],"7":[366,207],"8":[45,321],"9":[1,33],"10":[9,25],"11":[1,8]}}
}
