TN:
SF:src/example.ts
FNF:0
FNH:0
DA:17,0
DA:98,0
DA:99,0
DA:100,0
DA:101,0
DA:102,0
DA:103,0
DA:105,0
DA:109,0
DA:116,0
DA:117,0
DA:118,0
DA:119,0
DA:120,0
DA:123,0
DA:129,0
DA:130,0
DA:132,0
DA:133,0
DA:135,0
DA:136,0
LF:21
LH:0
BRF:0
BRH:0
end_of_record
TN:
SF:src/__tests__/helpers/test-data-factory.ts
FN:23,(anonymous_0)
FN:36,(anonymous_1)
FN:49,(anonymous_2)
FN:62,(anonymous_3)
FN:80,(anonymous_4)
FN:98,(anonymous_5)
FN:111,(anonymous_6)
FN:124,(anonymous_7)
FN:141,(anonymous_8)
FN:163,(anonymous_9)
FN:213,(anonymous_10)
FNF:11
FNH:11
FNDA:530,(anonymous_0)
FNDA:269,(anonymous_1)
FNDA:510,(anonymous_2)
FNDA:272,(anonymous_3)
FNDA:270,(anonymous_4)
FNDA:368,(anonymous_5)
FNDA:268,(anonymous_6)
FNDA:268,(anonymous_7)
FNDA:130,(anonymous_8)
FNDA:3,(anonymous_9)
FNDA:35,(anonymous_10)
DA:24,530
DA:37,269
DA:50,510
DA:63,272
DA:81,270
DA:99,368
DA:112,268
DA:125,268
DA:142,130
DA:143,130
DA:164,3
DA:165,3
DA:167,3
DA:168,2100
DA:169,2100
DA:171,263
DA:172,263
DA:174,263
DA:175,263
DA:177,263
DA:178,263
DA:180,263
DA:181,263
DA:183,262
DA:184,262
DA:186,262
DA:187,262
DA:189,262
DA:190,262
DA:192,262
DA:193,262
DA:197,3
DA:214,35
DA:215,35
DA:230,35
LF:35
LH:35
BRDA:169,0,0,263
BRDA:169,0,1,263
BRDA:169,0,2,263
BRDA:169,0,3,263
BRDA:169,0,4,262
BRDA:169,0,5,262
BRDA:169,0,6,262
BRDA:169,0,7,262
BRDA:236,1,0,35
BRDA:236,1,1,22
BRF:10
BRH:10
end_of_record
TN:
SF:src/__tests__/helpers/validation-helpers.ts
FN:11,(anonymous_0)
FN:16,(anonymous_1)
FN:24,(anonymous_2)
FN:34,(anonymous_3)
FN:35,(anonymous_4)
FN:41,(anonymous_5)
FN:48,(anonymous_6)
FN:49,(anonymous_7)
FN:52,(anonymous_8)
FN:53,(anonymous_9)
FN:59,(anonymous_10)
FN:61,(anonymous_11)
FN:68,(anonymous_12)
FNF:13
FNH:4
FNDA:52,(anonymous_0)
FNDA:52,(anonymous_1)
FNDA:0,(anonymous_2)
FNDA:248,(anonymous_3)
FNDA:248,(anonymous_4)
FNDA:0,(anonymous_5)
FNDA:0,(anonymous_6)
FNDA:0,(anonymous_7)
FNDA:0,(anonymous_8)
FNDA:0,(anonymous_9)
FNDA:0,(anonymous_10)
FNDA:0,(anonymous_11)
FNDA:0,(anonymous_12)
DA:16,52
DA:18,52
DA:19,0
DA:20,0
DA:21,0
DA:23,0
DA:24,0
DA:25,0
DA:35,248
DA:48,0
DA:49,0
DA:52,0
DA:53,0
DA:60,0
DA:61,0
DA:73,0
DA:74,0
DA:75,0
DA:77,0
LF:19
LH:3
BRDA:18,0,0,0
BRDA:18,0,1,52
BRDA:23,1,0,0
BRDA:23,1,1,0
BRDA:74,2,0,0
BRDA:74,2,1,0
BRF:6
BRH:1
end_of_record
TN:
SF:src/core/schemas/question.ts
FN:7,(anonymous_0)
FNF:1
FNH:1
FNDA:7,(anonymous_0)
DA:7,7
DA:8,7
DA:9,7
DA:10,7
DA:11,7
DA:12,7
DA:13,7
DA:14,7
DA:15,7
DA:21,7
DA:30,7
DA:40,7
DA:49,7
DA:59,7
DA:68,7
DA:77,7
DA:88,7
DA:101,7
DA:109,7
DA:117,7
DA:125,7
DA:136,7
DA:149,7
DA:157,7
DA:165,7
DA:173,7
LF:26
LH:26
BRDA:7,0,0,7
BRDA:7,0,1,7
BRF:2
BRH:2
end_of_record
TN:
SF:src/core/schemas/questionnaire.ts
FN:54,validateQuestionnaire
FN:63,safeValidateQuestionnaire
FNF:2
FNH:2
FNDA:2,validateQuestionnaire
FNDA:2,safeValidateQuestionnaire
DA:7,4
DA:19,4
DA:29,4
DA:55,2
DA:64,2
LF:5
LH:5
BRF:0
BRH:0
end_of_record
TN:
SF:src/core/schemas/response.ts
FN:16,(anonymous_0)
FN:64,validateResponse
FN:73,safeValidateResponse
FN:80,createResponse
FNF:4
FNH:4
FNDA:6,(anonymous_0)
FNDA:2,validateResponse
FNDA:2,safeValidateResponse
FNDA:7,createResponse
DA:7,6
DA:16,6
DA:17,6
DA:18,6
DA:19,6
DA:25,6
DA:34,6
DA:65,2
DA:74,2
DA:86,7
DA:88,7
LF:11
LH:11
BRDA:16,0,0,6
BRDA:16,0,1,6
BRF:2
BRH:2
end_of_record
TN:
SF:src/core/schemas/validation.ts
FN:12,isValidEmail
FN:20,isValidDate
FN:28,isInRange
FN:37,matchesPattern
FN:49,validateLength
FN:83,formatZodError
FN:84,(anonymous_6)
FNF:7
FNH:0
FNDA:0,isValidEmail
FNDA:0,isValidDate
FNDA:0,isInRange
FNDA:0,matchesPattern
FNDA:0,validateLength
FNDA:0,formatZodError
FNDA:0,(anonymous_6)
DA:13,0
DA:14,0
DA:21,0
DA:22,0
DA:29,0
DA:30,0
DA:31,0
DA:38,0
DA:39,0
DA:40,0
DA:42,0
DA:54,0
DA:55,0
DA:61,0
DA:62,0
DA:68,0
DA:84,0
DA:85,0
DA:86,0
DA:89,0
LF:20
LH:0
BRDA:29,0,0,0
BRDA:29,0,1,0
BRDA:29,1,0,0
BRDA:29,1,1,0
BRDA:30,2,0,0
BRDA:30,2,1,0
BRDA:30,3,0,0
BRDA:30,3,1,0
BRDA:54,4,0,0
BRDA:54,4,1,0
BRDA:54,5,0,0
BRDA:54,5,1,0
BRDA:61,6,0,0
BRDA:61,6,1,0
BRDA:61,7,0,0
BRDA:61,7,1,0
BRDA:86,8,0,0
BRDA:86,8,1,0
BRF:18
BRH:0
end_of_record
TN:
SF:src/fixtures/loader.ts
FN:14,(anonymous_0)
FN:24,(anonymous_1)
FN:27,(anonymous_2)
FN:30,(anonymous_3)
FN:39,(anonymous_4)
FN:46,(anonymous_5)
FN:53,(anonymous_6)
FN:60,(anonymous_7)
FNF:8
FNH:8
FNDA:100,(anonymous_0)
FNDA:27,(anonymous_1)
FNDA:98,(anonymous_2)
FNDA:98,(anonymous_3)
FNDA:10,(anonymous_4)
FNDA:9,(anonymous_5)
FNDA:8,(anonymous_6)
FNDA:6,(anonymous_7)
DA:9,2
DA:15,100
DA:16,100
DA:17,99
DA:18,99
DA:25,27
DA:26,27
DA:27,98
DA:29,27
DA:30,98
DA:33,27
DA:40,10
DA:47,9
DA:54,8
DA:61,6
DA:67,6
LF:16
LH:16
BRF:0
BRH:0
end_of_record
TN:
SF:src/fixtures/validator.ts
FN:26,(anonymous_0)
FN:38,(anonymous_1)
FN:51,(anonymous_2)
FN:54,(anonymous_3)
FN:62,(anonymous_4)
FN:63,(anonymous_5)
FN:71,(anonymous_6)
FN:77,(anonymous_7)
FN:84,(anonymous_8)
FN:89,(anonymous_9)
FN:120,(anonymous_10)
FN:128,(anonymous_11)
FN:136,(anonymous_12)
FNF:13
FNH:11
FNDA:47,(anonymous_0)
FNDA:5,(anonymous_1)
FNDA:0,(anonymous_2)
FNDA:0,(anonymous_3)
FNDA:1,(anonymous_4)
FNDA:11,(anonymous_5)
FNDA:3,(anonymous_6)
FNDA:33,(anonymous_7)
FNDA:366,(anonymous_8)
FNDA:369,(anonymous_9)
FNDA:8,(anonymous_10)
FNDA:34,(anonymous_11)
FNDA:34,(anonymous_12)
DA:27,47
DA:28,47
DA:29,45
DA:35,2
DA:36,2
DA:38,5
DA:41,0
DA:54,0
DA:55,0
DA:63,1
DA:64,11
DA:72,3
DA:73,3
DA:74,3
DA:75,3
DA:77,3
DA:78,33
DA:80,33
DA:81,33
DA:84,33
DA:85,366
DA:88,366
DA:89,207
DA:90,369
DA:95,366
DA:96,45
DA:100,0
DA:107,3
DA:124,8
DA:127,8
DA:128,8
DA:129,34
DA:130,1
DA:132,34
DA:136,8
DA:137,34
DA:138,9
DA:139,9
DA:140,1
DA:145,8
LF:40
LH:36
BRDA:26,0,0,0
BRDA:35,1,0,2
BRDA:35,1,1,0
BRDA:64,2,0,11
BRDA:64,2,1,0
BRDA:80,3,0,33
BRDA:80,3,1,0
BRDA:80,4,0,33
BRDA:80,4,1,33
BRDA:85,5,0,366
BRDA:85,5,1,24
BRDA:88,6,0,207
BRDA:88,6,1,159
BRDA:88,7,0,366
BRDA:88,7,1,207
BRDA:95,8,0,45
BRDA:95,8,1,321
BRDA:129,9,0,1
BRDA:129,9,1,33
BRDA:137,10,0,9
BRDA:137,10,1,25
BRDA:139,11,0,1
BRDA:139,11,1,8
BRF:23
BRH:19
end_of_record
